# JRE version: OpenJDK Runtime Environment (16.0.1+9) (build 16.0.1+9-24)
# Java VM: OpenJDK 64-Bit Server VM (16.0.1+9-24, mixed mode, tiered, compressed oops, compressed class ptrs, g1 gc, linux-amd64)
GC Precious Log:
 CPUs: 4 total, 4 available
 Memory: 6265M
 Large Page Support: Disabled
 NUMA Support: Disabled
 Compressed Oops: Enabled (32-bit)
 Heap Region Size: 1M
 Heap Min Capacity: 8M
 Heap Initial Capacity: 98M
 Heap Max Capacity: 1568M
 Pre-touch: Disabled
 Parallel Workers: 4
 Concurrent Workers: 1
 Concurrent Refinement Workers: 4
 Periodic GC: Disabled
Heap:
 garbage-first heap   total 102400K, used 48879K [0x000000009e000000, 0x0000000100000000)
  region size 1024K, 21 young (21504K), 2 survivors (2048K)
 Metaspace       used 60305K, committed 60864K, reserved 1105920K
  class space    used 8031K, committed 8320K, reserved 1048576K
GC Heap History (20 events):
Event: 9.669 GC heap before
{Heap before GC invocations=14 (full 0):
 garbage-first heap   total 65536K, used 51444K [0x000000009e000000, 0x0000000100000000)
  region size 1024K, 38 young (38912K), 3 survivors (3072K)
 Metaspace       used 36861K, committed 37120K, reserved 1089536K
  class space    used 4600K, committed 4736K, reserved 1048576K
}
Event: 9.680 GC heap after
{Heap after GC invocations=15 (full 0):
 garbage-first heap   total 65536K, used 17020K [0x000000009e000000, 0x0000000100000000)
  region size 1024K, 4 young (4096K), 4 survivors (4096K)
 Metaspace       used 36861K, committed 37120K, reserved 1089536K
  class space    used 4600K, committed 4736K, reserved 1048576K
}
Event: 10.389 GC heap before
{Heap before GC invocations=15 (full 0):
 garbage-first heap   total 65536K, used 50812K [0x000000009e000000, 0x0000000100000000)
  region size 1024K, 37 young (37888K), 4 survivors (4096K)
 Metaspace       used 39593K, committed 39936K, reserved 1089536K
  class space    used 5028K, committed 5184K, reserved 1048576K
}
Event: 10.406 GC heap after
{Heap after GC invocations=16 (full 0):
 garbage-first heap   total 84992K, used 18599K [0x000000009e000000, 0x0000000100000000)
  region size 1024K, 4 young (4096K), 4 survivors (4096K)
 Metaspace       used 39593K, committed 39936K, reserved 1089536K
  class space    used 5028K, committed 5184K, reserved 1048576K
}
Event: 10.961 GC heap before
{Heap before GC invocations=16 (full 0):
 garbage-first heap   total 84992K, used 68775K [0x000000009e000000, 0x0000000100000000)
  region size 1024K, 49 young (50176K), 4 survivors (4096K)
 Metaspace       used 41929K, committed 42304K, reserved 1089536K
  class space    used 5270K, committed 5440K, reserved 1048576K
}
Event: 10.977 GC heap after
{Heap after GC invocations=17 (full 0):
 garbage-first heap   total 84992K, used 19607K [0x000000009e000000, 0x0000000100000000)
  region size 1024K, 5 young (5120K), 5 survivors (5120K)
 Metaspace       used 41929K, committed 42304K, reserved 1089536K
  class space    used 5270K, committed 5440K, reserved 1048576K
}
Event: 11.917 GC heap before
{Heap before GC invocations=17 (full 0):
 garbage-first heap   total 84992K, used 64663K [0x000000009e000000, 0x0000000100000000)
  region size 1024K, 49 young (50176K), 5 survivors (5120K)
 Metaspace       used 45334K, committed 45696K, reserved 1089536K
  class space    used 5819K, committed 6016K, reserved 1048576K
}
Event: 11.933 GC heap after
{Heap after GC invocations=18 (full 0):
 garbage-first heap   total 84992K, used 21535K [0x000000009e000000, 0x0000000100000000)
  region size 1024K, 5 young (5120K), 5 survivors (5120K)
 Metaspace       used 45334K, committed 45696K, reserved 1089536K
  class space    used 5819K, committed 6016K, reserved 1048576K
}
Event: 12.729 GC heap before
{Heap before GC invocations=18 (full 0):
 garbage-first heap   total 84992K, used 66591K [0x000000009e000000, 0x0000000100000000)
  region size 1024K, 49 young (50176K), 5 survivors (5120K)
 Metaspace       used 48859K, committed 49280K, reserved 1097728K
  class space    used 6405K, committed 6592K, reserved 1048576K
}
Event: 12.745 GC heap after
{Heap after GC invocations=19 (full 0):
 garbage-first heap   total 84992K, used 23541K [0x000000009e000000, 0x0000000100000000)
  region size 1024K, 6 young (6144K), 6 survivors (6144K)
 Metaspace       used 48859K, committed 49280K, reserved 1097728K
  class space    used 6405K, committed 6592K, reserved 1048576K
}
Event: 14.663 GC heap before
{Heap before GC invocations=19 (full 0):
 garbage-first heap   total 84992K, used 67573K [0x000000009e000000, 0x0000000100000000)
  region size 1024K, 49 young (50176K), 6 survivors (6144K)
 Metaspace       used 51424K, committed 51968K, reserved 1097728K
  class space    used 6783K, committed 7040K, reserved 1048576K
}
Event: 14.679 GC heap after
{Heap after GC invocations=20 (full 0):
 garbage-first heap   total 102400K, used 25419K [0x000000009e000000, 0x0000000100000000)
  region size 1024K, 4 young (4096K), 4 survivors (4096K)
 Metaspace       used 51424K, committed 51968K, reserved 1097728K
  class space    used 6783K, committed 7040K, reserved 1048576K
}
Event: 17.099 GC heap before
{Heap before GC invocations=20 (full 0):
 garbage-first heap   total 102400K, used 82763K [0x000000009e000000, 0x0000000100000000)
  region size 1024K, 60 young (61440K), 4 survivors (4096K)
 Metaspace       used 55848K, committed 56256K, reserved 1097728K
  class space    used 7421K, committed 7616K, reserved 1048576K
}
Event: 17.125 GC heap after
{Heap after GC invocations=21 (full 0):
 garbage-first heap   total 102400K, used 29499K [0x000000009e000000, 0x0000000100000000)
  region size 1024K, 8 young (8192K), 8 survivors (8192K)
 Metaspace       used 55848K, committed 56256K, reserved 1097728K
  class space    used 7421K, committed 7616K, reserved 1048576K
}
Event: 81.686 GC heap before
{Heap before GC invocations=21 (full 0):
 garbage-first heap   total 102400K, used 79675K [0x000000009e000000, 0x0000000100000000)
  region size 1024K, 58 young (59392K), 8 survivors (8192K)
 Metaspace       used 59066K, committed 59520K, reserved 1105920K
  class space    used 7856K, committed 8064K, reserved 1048576K
}
Event: 81.744 GC heap after
{Heap after GC invocations=22 (full 0):
 garbage-first heap   total 102400K, used 30312K [0x000000009e000000, 0x0000000100000000)
  region size 1024K, 2 young (2048K), 2 survivors (2048K)
 Metaspace       used 59066K, committed 59520K, reserved 1105920K
  class space    used 7856K, committed 8064K, reserved 1048576K
}
Event: 227.728 GC heap before
{Heap before GC invocations=23 (full 0):
 garbage-first heap   total 102400K, used 80488K [0x000000009e000000, 0x0000000100000000)
  region size 1024K, 52 young (53248K), 2 survivors (2048K)
 Metaspace       used 60220K, committed 60736K, reserved 1105920K
  class space    used 8014K, committed 8256K, reserved 1048576K
}
Event: 227.743 GC heap after
{Heap after GC invocations=24 (full 0):
 garbage-first heap   total 102400K, used 30368K [0x000000009e000000, 0x0000000100000000)
  region size 1024K, 2 young (2048K), 2 survivors (2048K)
 Metaspace       used 60220K, committed 60736K, reserved 1105920K
  class space    used 8014K, committed 8256K, reserved 1048576K
}
Event: 415.168 GC heap before
{Heap before GC invocations=25 (full 0):
 garbage-first heap   total 102400K, used 82592K [0x000000009e000000, 0x0000000100000000)
  region size 1024K, 53 young (54272K), 2 survivors (2048K)
 Metaspace       used 60231K, committed 60736K, reserved 1105920K
  class space    used 8015K, committed 8256K, reserved 1048576K
}
Event: 415.177 GC heap after
{Heap after GC invocations=26 (full 0):
 garbage-first heap   total 102400K, used 30447K [0x000000009e000000, 0x0000000100000000)
  region size 1024K, 2 young (2048K), 2 survivors (2048K)
 Metaspace       used 60231K, committed 60736K, reserved 1105920K
  class space    used 8015K, committed 8256K, reserved 1048576K
}

